<?xml version="1.0" encoding="UTF-8"?>
<!-- Generated by org.testng.reporters.JUnitXMLReporter -->
<testsuite ignored="0" hostname="LAPTOP-ECO2OESQ" failures="0" tests="7" name="Default test" time="4.564" errors="0" timestamp="18 Feb 2022 04:40:32 GMT">
  <testcase classname="RestAssuredTest.TestCases" name="deleteMethodExample1" time="2.073"/>
  <testcase classname="RestAssuredTest.TestCases" name="getMethodExample1" time="0.233"/>
  <testcase classname="RestAssuredTest.TestCases" name="getMethodExample2" time="0.173"/>
  <testcase classname="RestAssuredTest.TestCases" name="getMethodExample3" time="0.53"/>
  <testcase classname="RestAssuredTest.TestCases" name="postMethodExample1" time="0.567"/>
  <testcase classname="RestAssuredTest.TestCases" name="postMethodExample2" time="0.485"/>
  <testcase classname="RestAssuredTest.TestCases" name="putMethodExample1" time="0.468"/>
</testsuite> <!-- Default test -->
