<?xml version="1.0" encoding="UTF-8"?>
<testng-results ignored="0" total="10" passed="10" failed="0" skipped="0">
  <reporter-output>
  </reporter-output>
  <suite started-at="2022-02-21T04:58:28Z" name="Default suite" finished-at="2022-02-21T04:58:48Z" duration-ms="19713">
    <groups>
    </groups>
    <test started-at="2022-02-21T04:58:28Z" name="Default test" finished-at="2022-02-21T04:58:48Z" duration-ms="19713">
      <class name="RestAssuredTest.PetStoreTestCases">
        <test-method signature="getUserLogin()[pri:0, instance:RestAssuredTest.PetStoreTestCases@45d2ade3]" started-at="2022-02-21T10:28:28Z" name="getUserLogin" description="Logs user into the system" finished-at="2022-02-21T10:28:31Z" duration-ms="3433" status="PASS">
          <reporter-output>
          </reporter-output>
        </test-method> <!-- getUserLogin -->
        <test-method signature="createSingleUser()[pri:2, instance:RestAssuredTest.PetStoreTestCases@45d2ade3]" started-at="2022-02-21T10:28:31Z" name="createSingleUser" description="Create single user" finished-at="2022-02-21T10:28:33Z" duration-ms="1815" status="PASS">
          <reporter-output>
          </reporter-output>
        </test-method> <!-- createSingleUser -->
        <test-method signature="getUnknownUser()[pri:3, instance:RestAssuredTest.PetStoreTestCases@45d2ade3]" started-at="2022-02-21T10:28:33Z" name="getUnknownUser" description="Get unknown user" finished-at="2022-02-21T10:28:35Z" duration-ms="1809" status="PASS">
          <reporter-output>
          </reporter-output>
        </test-method> <!-- getUnknownUser -->
        <test-method signature="getUser()[pri:3, instance:RestAssuredTest.PetStoreTestCases@45d2ade3]" started-at="2022-02-21T10:28:35Z" name="getUser" description="Get user by Username" finished-at="2022-02-21T10:28:37Z" duration-ms="1797" status="PASS">
          <reporter-output>
          </reporter-output>
        </test-method> <!-- getUser -->
        <test-method signature="updateSingleUser()[pri:4, instance:RestAssuredTest.PetStoreTestCases@45d2ade3]" started-at="2022-02-21T10:28:37Z" name="updateSingleUser" description="Update user details" finished-at="2022-02-21T10:28:39Z" duration-ms="1876" status="PASS">
          <reporter-output>
          </reporter-output>
        </test-method> <!-- updateSingleUser -->
        <test-method signature="deleteUser()[pri:5, instance:RestAssuredTest.PetStoreTestCases@45d2ade3]" started-at="2022-02-21T10:28:39Z" name="deleteUser" description="DELETE existing user" finished-at="2022-02-21T10:28:40Z" duration-ms="1775" status="PASS">
          <reporter-output>
          </reporter-output>
        </test-method> <!-- deleteUser -->
        <test-method signature="deleteinvalidUser()[pri:5, instance:RestAssuredTest.PetStoreTestCases@45d2ade3]" started-at="2022-02-21T10:28:40Z" name="deleteinvalidUser" description="DELETE unkown user" finished-at="2022-02-21T10:28:42Z" duration-ms="1801" status="PASS">
          <reporter-output>
          </reporter-output>
        </test-method> <!-- deleteinvalidUser -->
        <test-method signature="createMultipleUserArray()[pri:6, instance:RestAssuredTest.PetStoreTestCases@45d2ade3]" started-at="2022-02-21T10:28:42Z" name="createMultipleUserArray" description="Create multiple user array" finished-at="2022-02-21T10:28:44Z" duration-ms="1756" status="PASS">
          <reporter-output>
          </reporter-output>
        </test-method> <!-- createMultipleUserArray -->
        <test-method signature="createMultipleUserList()[pri:7, instance:RestAssuredTest.PetStoreTestCases@45d2ade3]" started-at="2022-02-21T10:28:44Z" name="createMultipleUserList" description="Create multiple user list" finished-at="2022-02-21T10:28:46Z" duration-ms="1826" status="PASS">
          <reporter-output>
          </reporter-output>
        </test-method> <!-- createMultipleUserList -->
        <test-method signature="getUserLogout()[pri:8, instance:RestAssuredTest.PetStoreTestCases@45d2ade3]" started-at="2022-02-21T10:28:46Z" name="getUserLogout" description="Logs out current user" finished-at="2022-02-21T10:28:48Z" duration-ms="1766" status="PASS">
          <reporter-output>
          </reporter-output>
        </test-method> <!-- getUserLogout -->
      </class> <!-- RestAssuredTest.PetStoreTestCases -->
    </test> <!-- Default test -->
  </suite> <!-- Default suite -->
</testng-results>
